WARNING:services.otp_store:Redis available at REDIS_URL but ping failed; falling back to in-memory OTP store
WARNING:__main__:Development environment detected: overriding DATABASE_URL sqlite:////Users/omerozmen/Desktop/x-ear web app/x-ear/apps/instance/xear_crm.db -> sqlite:////Users/omerozmen/Desktop/x-ear web app/x-ear/apps/backend/instance/xear_crm.db
DEBUG:app:REDIS_URL present; skipping local Redis auto-start.
WARNING:app:Failed to initialize Redis client for idempotency: Error 61 connecting to localhost:6379. Connection refused.
WARNING:services.otp_store:Redis available at REDIS_URL but ping failed; falling back to in-memory OTP store
INFO:__main__:Tenant security (global query filter) initialized
WARNING:services.s3_service:S3Service running in mock mode - no actual S3 operations will be performed
INFO:__main__:Scheduling OCR/NLP service pre-warm in background
INFO:__main__:Ensuring database tables exist (create_all)
INFO:__main__:Permission middleware initialized successfully
WARNING:middleware.permission_middleware:Permission map validation WARNINGS: ["Permissions in map but not in DB (will be created): {'admin.notifications.view', 'admin.system.manage', 'admin.users.edit', 'admin.production.view', 'admin.roles.edit', 'admin.sms.create', 'admin.marketplaces.edit', 'admin.tickets.create', 'admin.addons.view', 'admin.integrations.edit', 'admin.notifications.create', 'admin.plans.view', 'admin.tenants.edit', 'admin.integrations.view', 'admin.system.logs', 'sgk.edit', 'admin.tenants.create', 'admin.tenants.manage', 'admin.addons.delete', 'admin.suppliers.delete', 'admin.settings.edit', 'admin.roles.create', 'admin.campaigns.view', 'admin.tickets.edit', 'admin.marketplaces.view', 'admin.marketplaces.create', 'admin.campaigns.edit', 'admin.addons.edit', 'admin.invoices.view', 'admin.tenants.view', 'invoices.delete', 'admin.users.create', 'sgk.delete', 'admin.sms.edit', 'admin.users.view', 'admin.suppliers.view', 'activity_logs.export', 'admin.system.backup', 'admin.api_keys.delete', 'activity_logs.view', 'admin.dashboard.view', 'admin.notifications.send', 'admin.roles.view', 'admin.sms.view', 'admin.notifications.delete', 'admin.tickets.view', 'admin.patients.view', 'invoices.edit', 'admin.campaigns.delete', 'admin.plans.edit', 'admin.birfatura.view', 'admin.roles.delete', 'admin.activity_logs.view', 'admin.plans.delete', 'admin.plans.create', 'admin.invoices.edit', 'admin.system.view', 'admin.users.delete', 'admin.production.edit', 'admin.suppliers.edit', 'admin.tickets.respond', 'admin.tenants.delete', 'admin.scan_queue.edit', 'admin.notifications.edit', 'admin.settings.view'}", "Permissions in DB but not used in map: {'sales.approve'}"]
INFO:__main__:Permission map validation passed. Warnings: ["Permissions in map but not in DB (will be created): {'admin.notifications.view', 'admin.system.manage', 'admin.users.edit', 'admin.production.view', 'admin.roles.edit', 'admin.sms.create', 'admin.marketplaces.edit', 'admin.tickets.create', 'admin.addons.view', 'admin.integrations.edit', 'admin.notifications.create', 'admin.plans.view', 'admin.tenants.edit', 'admin.integrations.view', 'admin.system.logs', 'sgk.edit', 'admin.tenants.create', 'admin.tenants.manage', 'admin.addons.delete', 'admin.suppliers.delete', 'admin.settings.edit', 'admin.roles.create', 'admin.campaigns.view', 'admin.tickets.edit', 'admin.marketplaces.view', 'admin.marketplaces.create', 'admin.campaigns.edit', 'admin.addons.edit', 'admin.invoices.view', 'admin.tenants.view', 'invoices.delete', 'admin.users.create', 'sgk.delete', 'admin.sms.edit', 'admin.users.view', 'admin.suppliers.view', 'activity_logs.export', 'admin.system.backup', 'admin.api_keys.delete', 'activity_logs.view', 'admin.dashboard.view', 'admin.notifications.send', 'admin.roles.view', 'admin.sms.view', 'admin.notifications.delete', 'admin.tickets.view', 'admin.patients.view', 'invoices.edit', 'admin.campaigns.delete', 'admin.plans.edit', 'admin.birfatura.view', 'admin.roles.delete', 'admin.activity_logs.view', 'admin.plans.delete', 'admin.plans.create', 'admin.invoices.edit', 'admin.system.view', 'admin.users.delete', 'admin.production.edit', 'admin.suppliers.edit', 'admin.tickets.respond', 'admin.tenants.delete', 'admin.scan_queue.edit', 'admin.notifications.edit', 'admin.settings.view'}", "Permissions in DB but not used in map: {'sales.approve'}"]
INFO:__main__:Starting Flask development server on 0.0.0.0:5001

-----

WeasyPrint could not import some external libraries. Please carefully follow the installation steps before reporting an issue:
https://doc.courtbouillon.org/weasyprint/stable/first_steps.html#installation
https://doc.courtbouillon.org/weasyprint/stable/first_steps.html#troubleshooting 

-----

 * Serving Flask app 'app'
 * Debug mode: off
INFO:werkzeug:[31m[1mWARNING: This is a development server. Do not use it in a production deployment. Use a production WSGI server instead.[0m
 * Running on all addresses (0.0.0.0)
 * Running on http://127.0.0.1:5001
 * Running on http://172.20.10.3:5001
INFO:werkzeug:[33mPress CTRL+C to quit[0m
[2025/12/25 20:09:18] ppocr DEBUG: Namespace(help='==SUPPRESS==', use_gpu=False, use_xpu=False, use_npu=False, ir_optim=True, use_tensorrt=False, min_subgraph_size=15, precision='fp32', gpu_mem=500, gpu_id=0, image_dir=None, page_num=0, det_algorithm='DB', det_model_dir='/Users/omerozmen/.paddleocr/whl/det/en/en_PP-OCRv3_det_infer', det_limit_side_len=960, det_limit_type='max', det_box_type='quad', det_db_thresh=0.3, det_db_box_thresh=0.6, det_db_unclip_ratio=1.5, max_batch_size=10, use_dilation=False, det_db_score_mode='fast', det_east_score_thresh=0.8, det_east_cover_thresh=0.1, det_east_nms_thresh=0.2, det_sast_score_thresh=0.5, det_sast_nms_thresh=0.2, det_pse_thresh=0, det_pse_box_thresh=0.85, det_pse_min_area=16, det_pse_scale=1, scales=[8, 16, 32], alpha=1.0, beta=1.0, fourier_degree=5, rec_algorithm='SVTR_LCNet', rec_model_dir='/Users/omerozmen/.paddleocr/whl/rec/latin/latin_PP-OCRv3_rec_infer', rec_image_inverse=True, rec_image_shape='3, 48, 320', rec_batch_num=6, max_text_length=25, rec_char_dict_path='/opt/homebrew/anaconda3/lib/python3.12/site-packages/paddleocr/ppocr/utils/dict/latin_dict.txt', use_space_char=True, vis_font_path='./doc/fonts/simfang.ttf', drop_score=0.5, e2e_algorithm='PGNet', e2e_model_dir=None, e2e_limit_side_len=768, e2e_limit_type='max', e2e_pgnet_score_thresh=0.5, e2e_char_dict_path='./ppocr/utils/ic15_dict.txt', e2e_pgnet_valid_set='totaltext', e2e_pgnet_mode='fast', use_angle_cls=False, cls_model_dir='/Users/omerozmen/.paddleocr/whl/cls/ch_ppocr_mobile_v2.0_cls_infer', cls_image_shape='3, 48, 192', label_list=['0', '180'], cls_batch_num=6, cls_thresh=0.9, enable_mkldnn=False, cpu_threads=10, use_pdserving=False, warmup=False, sr_model_dir=None, sr_image_shape='3, 32, 128', sr_batch_num=1, draw_img_save_dir='./inference_results', save_crop_res=False, crop_res_save_dir='./output', use_mp=False, total_process_num=1, process_id=0, benchmark=False, save_log_path='./log_output/', show_log=True, use_onnx=False, output='./output', table_max_len=488, table_algorithm='TableAttn', table_model_dir=None, merge_no_span_structure=True, table_char_dict_path=None, layout_model_dir=None, layout_dict_path=None, layout_score_threshold=0.5, layout_nms_threshold=0.5, kie_algorithm='LayoutXLM', ser_model_dir=None, re_model_dir=None, use_visual_backbone=True, ser_dict_path='../train_data/XFUND/class_list_xfun.txt', ocr_order_method=None, mode='structure', image_orientation=False, layout=True, table=True, ocr=True, recovery=False, use_pdf2docx_api=False, invert=False, binarize=False, alphacolor=(255, 255, 255), lang='tr', det=True, rec=True, type='ocr', ocr_version='PP-OCRv4', structure_version='PP-StructureV2')
WARNING:services.ocr_service:spaCy not available: ForwardRef._evaluate() missing 1 required keyword-only argument: 'recursive_guard'
